{"/home/obbap/Documents/blockchain/app.js": {"path":"/home/obbap/Documents/blockchain/app.js","statementMap":{"0":{"start":{"line":1,"column":0},"end":{"line":1,"column":27}},"1":{"start":{"line":2,"column":16},"end":{"line":2,"column":34}},"2":{"start":{"line":3,"column":13},"end":{"line":3,"column":28}},"3":{"start":{"line":4,"column":16},"end":{"line":4,"column":41}},"4":{"start":{"line":5,"column":15},"end":{"line":5,"column":32}},"5":{"start":{"line":6,"column":21},"end":{"line":6,"column":45}},"6":{"start":{"line":7,"column":19},"end":{"line":7,"column":41}},"7":{"start":{"line":8,"column":17},"end":{"line":8,"column":45}},"8":{"start":{"line":10,"column":15},"end":{"line":10,"column":40}},"9":{"start":{"line":11,"column":14},"end":{"line":11,"column":39}},"10":{"start":{"line":13,"column":12},"end":{"line":13,"column":21}},"11":{"start":{"line":16,"column":0},"end":{"line":16,"column":48}},"12":{"start":{"line":17,"column":0},"end":{"line":17,"column":31}},"13":{"start":{"line":19,"column":0},"end":{"line":19,"column":19}},"14":{"start":{"line":20,"column":0},"end":{"line":20,"column":23}},"15":{"start":{"line":21,"column":0},"end":{"line":21,"column":27}},"16":{"start":{"line":22,"column":0},"end":{"line":22,"column":33}},"17":{"start":{"line":23,"column":0},"end":{"line":23,"column":24}},"18":{"start":{"line":24,"column":0},"end":{"line":24,"column":56}},"19":{"start":{"line":26,"column":0},"end":{"line":26,"column":21}},"20":{"start":{"line":27,"column":0},"end":{"line":27,"column":25}},"21":{"start":{"line":30,"column":0},"end":{"line":34,"column":3}},"22":{"start":{"line":31,"column":14},"end":{"line":31,"column":36}},"23":{"start":{"line":32,"column":2},"end":{"line":32,"column":19}},"24":{"start":{"line":33,"column":2},"end":{"line":33,"column":12}},"25":{"start":{"line":40,"column":0},"end":{"line":48,"column":1}},"26":{"start":{"line":41,"column":2},"end":{"line":47,"column":5}},"27":{"start":{"line":42,"column":4},"end":{"line":42,"column":34}},"28":{"start":{"line":43,"column":4},"end":{"line":46,"column":7}},"29":{"start":{"line":52,"column":0},"end":{"line":58,"column":3}},"30":{"start":{"line":53,"column":2},"end":{"line":53,"column":32}},"31":{"start":{"line":54,"column":2},"end":{"line":57,"column":5}},"32":{"start":{"line":61,"column":0},"end":{"line":61,"column":21}}},"fnMap":{"0":{"name":"(anonymous_0)","decl":{"start":{"line":30,"column":8},"end":{"line":30,"column":9}},"loc":{"start":{"line":30,"column":28},"end":{"line":34,"column":1}},"line":30},"1":{"name":"(anonymous_1)","decl":{"start":{"line":41,"column":10},"end":{"line":41,"column":11}},"loc":{"start":{"line":41,"column":35},"end":{"line":47,"column":3}},"line":41},"2":{"name":"(anonymous_2)","decl":{"start":{"line":52,"column":8},"end":{"line":52,"column":9}},"loc":{"start":{"line":52,"column":33},"end":{"line":58,"column":1}},"line":52}},"branchMap":{"0":{"loc":{"start":{"line":40,"column":0},"end":{"line":48,"column":1}},"type":"if","locations":[{"start":{"line":40,"column":0},"end":{"line":48,"column":1}},{"start":{"line":40,"column":0},"end":{"line":48,"column":1}}],"line":40},"1":{"loc":{"start":{"line":42,"column":15},"end":{"line":42,"column":32}},"type":"binary-expr","locations":[{"start":{"line":42,"column":15},"end":{"line":42,"column":25}},{"start":{"line":42,"column":29},"end":{"line":42,"column":32}}],"line":42},"2":{"loc":{"start":{"line":53,"column":13},"end":{"line":53,"column":30}},"type":"binary-expr","locations":[{"start":{"line":53,"column":13},"end":{"line":53,"column":23}},{"start":{"line":53,"column":27},"end":{"line":53,"column":30}}],"line":53}},"s":{"0":1,"1":1,"2":1,"3":1,"4":1,"5":1,"6":1,"7":1,"8":1,"9":1,"10":1,"11":1,"12":1,"13":1,"14":1,"15":1,"16":1,"17":1,"18":1,"19":1,"20":1,"21":1,"22":0,"23":0,"24":0,"25":1,"26":0,"27":0,"28":0,"29":1,"30":0,"31":0,"32":1},"f":{"0":0,"1":0,"2":0},"b":{"0":[0,1],"1":[0,0],"2":[0,0]},"_coverageSchema":"43e27e138ebf9cfc5966b082cf9a028302ed4184","hash":"b3a36d275de260cbe069c1efaae25742417aab57"}
,"/home/obbap/Documents/blockchain/app/controllers/signup.controller.js": {"path":"/home/obbap/Documents/blockchain/app/controllers/signup.controller.js","statementMap":{"0":{"start":{"line":1,"column":13},"end":{"line":1,"column":38}},"1":{"start":{"line":2,"column":25},"end":{"line":2,"column":54}},"2":{"start":{"line":4,"column":19},"end":{"line":21,"column":1}},"3":{"start":{"line":5,"column":19},"end":{"line":5,"column":77}},"4":{"start":{"line":7,"column":15},"end":{"line":13,"column":4}},"5":{"start":{"line":15,"column":2},"end":{"line":15,"column":28}},"6":{"start":{"line":17,"column":2},"end":{"line":20,"column":5}},"7":{"start":{"line":18,"column":4},"end":{"line":18,"column":46}},"8":{"start":{"line":18,"column":13},"end":{"line":18,"column":46}},"9":{"start":{"line":19,"column":4},"end":{"line":19,"column":68}},"10":{"start":{"line":23,"column":0},"end":{"line":23,"column":28}}},"fnMap":{"0":{"name":"(anonymous_0)","decl":{"start":{"line":4,"column":19},"end":{"line":4,"column":20}},"loc":{"start":{"line":4,"column":39},"end":{"line":21,"column":1}},"line":4},"1":{"name":"(anonymous_1)","decl":{"start":{"line":17,"column":18},"end":{"line":17,"column":19}},"loc":{"start":{"line":17,"column":27},"end":{"line":20,"column":3}},"line":17}},"branchMap":{"0":{"loc":{"start":{"line":18,"column":4},"end":{"line":18,"column":46}},"type":"if","locations":[{"start":{"line":18,"column":4},"end":{"line":18,"column":46}},{"start":{"line":18,"column":4},"end":{"line":18,"column":46}}],"line":18}},"s":{"0":1,"1":1,"2":1,"3":0,"4":0,"5":0,"6":0,"7":0,"8":0,"9":0,"10":1},"f":{"0":0,"1":0},"b":{"0":[0,0]},"_coverageSchema":"43e27e138ebf9cfc5966b082cf9a028302ed4184","hash":"fe63d4c0420174c362df99e0554ab5a0c0348c14"}
,"/home/obbap/Documents/blockchain/app/helpers/hashing.js": {"path":"/home/obbap/Documents/blockchain/app/helpers/hashing.js","statementMap":{"0":{"start":{"line":1,"column":15},"end":{"line":1,"column":32}},"1":{"start":{"line":3,"column":21},"end":{"line":20,"column":1}},"2":{"start":{"line":4,"column":2},"end":{"line":4,"column":22}},"3":{"start":{"line":5,"column":2},"end":{"line":19,"column":3}},"4":{"start":{"line":6,"column":16},"end":{"line":6,"column":61}},"5":{"start":{"line":7,"column":4},"end":{"line":7,"column":25}},"6":{"start":{"line":8,"column":15},"end":{"line":8,"column":34}},"7":{"start":{"line":9,"column":4},"end":{"line":9,"column":24}},"8":{"start":{"line":10,"column":19},"end":{"line":10,"column":78}},"9":{"start":{"line":11,"column":4},"end":{"line":11,"column":28}},"10":{"start":{"line":12,"column":20},"end":{"line":12,"column":75}},"11":{"start":{"line":13,"column":4},"end":{"line":13,"column":31}},"12":{"start":{"line":14,"column":4},"end":{"line":14,"column":37}},"13":{"start":{"line":15,"column":4},"end":{"line":15,"column":31}},"14":{"start":{"line":16,"column":4},"end":{"line":16,"column":21}},"15":{"start":{"line":18,"column":4},"end":{"line":18,"column":51}},"16":{"start":{"line":22,"column":0},"end":{"line":24,"column":2}}},"fnMap":{"0":{"name":"(anonymous_0)","decl":{"start":{"line":3,"column":21},"end":{"line":3,"column":22}},"loc":{"start":{"line":3,"column":41},"end":{"line":20,"column":1}},"line":3}},"branchMap":{},"s":{"0":1,"1":1,"2":0,"3":0,"4":0,"5":0,"6":0,"7":0,"8":0,"9":0,"10":0,"11":0,"12":0,"13":0,"14":0,"15":0,"16":1},"f":{"0":0},"b":{},"_coverageSchema":"43e27e138ebf9cfc5966b082cf9a028302ed4184","hash":"0e488e172e200e384ce697ef1166db15857a6553"}
,"/home/obbap/Documents/blockchain/app/models/user.js": {"path":"/home/obbap/Documents/blockchain/app/models/user.js","statementMap":{"0":{"start":{"line":1,"column":17},"end":{"line":1,"column":36}},"1":{"start":{"line":3,"column":19},"end":{"line":3,"column":27}},"2":{"start":{"line":5,"column":19},"end":{"line":28,"column":2}},"3":{"start":{"line":30,"column":13},"end":{"line":30,"column":47}},"4":{"start":{"line":32,"column":0},"end":{"line":32,"column":22}}},"fnMap":{},"branchMap":{},"s":{"0":1,"1":1,"2":1,"3":1,"4":1},"f":{},"b":{},"_coverageSchema":"43e27e138ebf9cfc5966b082cf9a028302ed4184","hash":"0d74ccbf8c34e1c8aa569fd9993cac1e8966ca6c"}
,"/home/obbap/Documents/blockchain/config/database.js": {"path":"/home/obbap/Documents/blockchain/config/database.js","statementMap":{"0":{"start":{"line":1,"column":17},"end":{"line":1,"column":36}},"1":{"start":{"line":3,"column":0},"end":{"line":3,"column":70}}},"fnMap":{},"branchMap":{},"s":{"0":1,"1":1},"f":{},"b":{},"_coverageSchema":"43e27e138ebf9cfc5966b082cf9a028302ed4184","hash":"d464bb3cbaccd613b2543219bb43e0cea7039b5e"}
,"/home/obbap/Documents/blockchain/routes/index.js": {"path":"/home/obbap/Documents/blockchain/routes/index.js","statementMap":{"0":{"start":{"line":1,"column":16},"end":{"line":1,"column":34}},"1":{"start":{"line":3,"column":15},"end":{"line":3,"column":31}},"2":{"start":{"line":4,"column":36},"end":{"line":4,"column":64}},"3":{"start":{"line":5,"column":25},"end":{"line":5,"column":72}},"4":{"start":{"line":8,"column":0},"end":{"line":10,"column":3}},"5":{"start":{"line":9,"column":2},"end":{"line":9,"column":44}},"6":{"start":{"line":28,"column":0},"end":{"line":49,"column":2}},"7":{"start":{"line":40,"column":19},"end":{"line":40,"column":40}},"8":{"start":{"line":42,"column":4},"end":{"line":44,"column":5}},"9":{"start":{"line":43,"column":6},"end":{"line":43,"column":62}},"10":{"start":{"line":46,"column":4},"end":{"line":46,"column":11}},"11":{"start":{"line":51,"column":0},"end":{"line":51,"column":24}}},"fnMap":{"0":{"name":"(anonymous_0)","decl":{"start":{"line":8,"column":16},"end":{"line":8,"column":17}},"loc":{"start":{"line":8,"column":30},"end":{"line":10,"column":1}},"line":8},"1":{"name":"(anonymous_1)","decl":{"start":{"line":39,"column":5},"end":{"line":39,"column":6}},"loc":{"start":{"line":39,"column":25},"end":{"line":47,"column":3}},"line":39}},"branchMap":{"0":{"loc":{"start":{"line":42,"column":4},"end":{"line":44,"column":5}},"type":"if","locations":[{"start":{"line":42,"column":4},"end":{"line":44,"column":5}},{"start":{"line":42,"column":4},"end":{"line":44,"column":5}}],"line":42}},"s":{"0":1,"1":1,"2":1,"3":1,"4":1,"5":0,"6":1,"7":1,"8":1,"9":1,"10":0,"11":1},"f":{"0":0,"1":1},"b":{"0":[1,0]},"_coverageSchema":"43e27e138ebf9cfc5966b082cf9a028302ed4184","hash":"0ae52f7d12a75e6dbafeb2612d735f4199c9ec6a"}
,"/home/obbap/Documents/blockchain/routes/users.js": {"path":"/home/obbap/Documents/blockchain/routes/users.js","statementMap":{"0":{"start":{"line":1,"column":14},"end":{"line":1,"column":32}},"1":{"start":{"line":2,"column":13},"end":{"line":2,"column":29}},"2":{"start":{"line":5,"column":0},"end":{"line":7,"column":3}},"3":{"start":{"line":6,"column":2},"end":{"line":6,"column":38}},"4":{"start":{"line":9,"column":0},"end":{"line":9,"column":24}}},"fnMap":{"0":{"name":"(anonymous_0)","decl":{"start":{"line":5,"column":16},"end":{"line":5,"column":17}},"loc":{"start":{"line":5,"column":35},"end":{"line":7,"column":1}},"line":5}},"branchMap":{},"s":{"0":1,"1":1,"2":1,"3":0,"4":1},"f":{"0":0},"b":{},"_coverageSchema":"43e27e138ebf9cfc5966b082cf9a028302ed4184","hash":"2399d1596448212eaaace5d86a1da19ffb9a6dd6"}
}
