{"/home/obbap/Documents/blockchain/app.js": {"path":"/home/obbap/Documents/blockchain/app.js","statementMap":{"0":{"start":{"line":1,"column":0},"end":{"line":1,"column":27}},"1":{"start":{"line":2,"column":16},"end":{"line":2,"column":34}},"2":{"start":{"line":3,"column":13},"end":{"line":3,"column":28}},"3":{"start":{"line":4,"column":16},"end":{"line":4,"column":41}},"4":{"start":{"line":5,"column":15},"end":{"line":5,"column":32}},"5":{"start":{"line":6,"column":21},"end":{"line":6,"column":45}},"6":{"start":{"line":7,"column":19},"end":{"line":7,"column":41}},"7":{"start":{"line":8,"column":17},"end":{"line":8,"column":45}},"8":{"start":{"line":10,"column":15},"end":{"line":10,"column":40}},"9":{"start":{"line":11,"column":14},"end":{"line":11,"column":39}},"10":{"start":{"line":13,"column":12},"end":{"line":13,"column":21}},"11":{"start":{"line":16,"column":0},"end":{"line":16,"column":48}},"12":{"start":{"line":17,"column":0},"end":{"line":17,"column":31}},"13":{"start":{"line":19,"column":0},"end":{"line":19,"column":19}},"14":{"start":{"line":20,"column":0},"end":{"line":20,"column":23}},"15":{"start":{"line":21,"column":0},"end":{"line":21,"column":27}},"16":{"start":{"line":22,"column":0},"end":{"line":22,"column":33}},"17":{"start":{"line":23,"column":0},"end":{"line":23,"column":24}},"18":{"start":{"line":24,"column":0},"end":{"line":24,"column":56}},"19":{"start":{"line":26,"column":0},"end":{"line":26,"column":21}},"20":{"start":{"line":27,"column":0},"end":{"line":27,"column":25}},"21":{"start":{"line":30,"column":0},"end":{"line":34,"column":3}},"22":{"start":{"line":31,"column":14},"end":{"line":31,"column":36}},"23":{"start":{"line":32,"column":2},"end":{"line":32,"column":19}},"24":{"start":{"line":33,"column":2},"end":{"line":33,"column":12}},"25":{"start":{"line":40,"column":0},"end":{"line":48,"column":1}},"26":{"start":{"line":41,"column":2},"end":{"line":47,"column":5}},"27":{"start":{"line":42,"column":4},"end":{"line":42,"column":34}},"28":{"start":{"line":43,"column":4},"end":{"line":46,"column":7}},"29":{"start":{"line":52,"column":0},"end":{"line":58,"column":3}},"30":{"start":{"line":53,"column":2},"end":{"line":53,"column":32}},"31":{"start":{"line":54,"column":2},"end":{"line":57,"column":5}},"32":{"start":{"line":61,"column":0},"end":{"line":61,"column":21}}},"fnMap":{"0":{"name":"(anonymous_0)","decl":{"start":{"line":30,"column":8},"end":{"line":30,"column":9}},"loc":{"start":{"line":30,"column":28},"end":{"line":34,"column":1}},"line":30},"1":{"name":"(anonymous_1)","decl":{"start":{"line":41,"column":10},"end":{"line":41,"column":11}},"loc":{"start":{"line":41,"column":35},"end":{"line":47,"column":3}},"line":41},"2":{"name":"(anonymous_2)","decl":{"start":{"line":52,"column":8},"end":{"line":52,"column":9}},"loc":{"start":{"line":52,"column":33},"end":{"line":58,"column":1}},"line":52}},"branchMap":{"0":{"loc":{"start":{"line":40,"column":0},"end":{"line":48,"column":1}},"type":"if","locations":[{"start":{"line":40,"column":0},"end":{"line":48,"column":1}},{"start":{"line":40,"column":0},"end":{"line":48,"column":1}}],"line":40},"1":{"loc":{"start":{"line":42,"column":15},"end":{"line":42,"column":32}},"type":"binary-expr","locations":[{"start":{"line":42,"column":15},"end":{"line":42,"column":25}},{"start":{"line":42,"column":29},"end":{"line":42,"column":32}}],"line":42},"2":{"loc":{"start":{"line":53,"column":13},"end":{"line":53,"column":30}},"type":"binary-expr","locations":[{"start":{"line":53,"column":13},"end":{"line":53,"column":23}},{"start":{"line":53,"column":27},"end":{"line":53,"column":30}}],"line":53}},"s":{"0":1,"1":1,"2":1,"3":1,"4":1,"5":1,"6":1,"7":1,"8":1,"9":1,"10":1,"11":1,"12":1,"13":1,"14":1,"15":1,"16":1,"17":1,"18":1,"19":1,"20":1,"21":1,"22":0,"23":0,"24":0,"25":1,"26":0,"27":0,"28":0,"29":1,"30":0,"31":0,"32":1},"f":{"0":0,"1":0,"2":0},"b":{"0":[0,1],"1":[0,0],"2":[0,0]},"_coverageSchema":"43e27e138ebf9cfc5966b082cf9a028302ed4184","hash":"b3a36d275de260cbe069c1efaae25742417aab57"}
,"/home/obbap/Documents/blockchain/app/controllers/signin.controller.js": {"path":"/home/obbap/Documents/blockchain/app/controllers/signin.controller.js","statementMap":{"0":{"start":{"line":1,"column":13},"end":{"line":1,"column":38}},"1":{"start":{"line":2,"column":40},"end":{"line":2,"column":69}},"2":{"start":{"line":3,"column":30},"end":{"line":3,"column":67}},"3":{"start":{"line":5,"column":14},"end":{"line":17,"column":1}},"4":{"start":{"line":6,"column":16},"end":{"line":6,"column":51}},"5":{"start":{"line":7,"column":19},"end":{"line":7,"column":77}},"6":{"start":{"line":9,"column":2},"end":{"line":16,"column":7}},"7":{"start":{"line":11,"column":6},"end":{"line":11,"column":65}},"8":{"start":{"line":11,"column":17},"end":{"line":11,"column":65}},"9":{"start":{"line":12,"column":6},"end":{"line":15,"column":7}},"10":{"start":{"line":13,"column":8},"end":{"line":14,"column":69}},"11":{"start":{"line":14,"column":22},"end":{"line":14,"column":67}},"12":{"start":{"line":19,"column":0},"end":{"line":19,"column":23}}},"fnMap":{"0":{"name":"(anonymous_0)","decl":{"start":{"line":5,"column":14},"end":{"line":5,"column":15}},"loc":{"start":{"line":5,"column":34},"end":{"line":17,"column":1}},"line":5},"1":{"name":"(anonymous_1)","decl":{"start":{"line":10,"column":10},"end":{"line":10,"column":11}},"loc":{"start":{"line":10,"column":20},"end":{"line":16,"column":5}},"line":10},"2":{"name":"(anonymous_2)","decl":{"start":{"line":14,"column":16},"end":{"line":14,"column":17}},"loc":{"start":{"line":14,"column":22},"end":{"line":14,"column":67}},"line":14}},"branchMap":{"0":{"loc":{"start":{"line":11,"column":6},"end":{"line":11,"column":65}},"type":"if","locations":[{"start":{"line":11,"column":6},"end":{"line":11,"column":65}},{"start":{"line":11,"column":6},"end":{"line":11,"column":65}}],"line":11},"1":{"loc":{"start":{"line":12,"column":6},"end":{"line":15,"column":7}},"type":"if","locations":[{"start":{"line":12,"column":6},"end":{"line":15,"column":7}},{"start":{"line":12,"column":6},"end":{"line":15,"column":7}}],"line":12}},"s":{"0":1,"1":1,"2":1,"3":1,"4":0,"5":0,"6":0,"7":0,"8":0,"9":0,"10":0,"11":0,"12":1},"f":{"0":0,"1":0,"2":0},"b":{"0":[0,0],"1":[0,0]},"_coverageSchema":"43e27e138ebf9cfc5966b082cf9a028302ed4184","hash":"45f1ff6d96a0d475c75d877a74c3ef2cce1b1393"}
,"/home/obbap/Documents/blockchain/app/controllers/signup.controller.js": {"path":"/home/obbap/Documents/blockchain/app/controllers/signup.controller.js","statementMap":{"0":{"start":{"line":1,"column":13},"end":{"line":1,"column":38}},"1":{"start":{"line":2,"column":25},"end":{"line":2,"column":54}},"2":{"start":{"line":5,"column":2},"end":{"line":27,"column":4}},"3":{"start":{"line":11,"column":4},"end":{"line":11,"column":45}},"4":{"start":{"line":12,"column":21},"end":{"line":12,"column":87}},"5":{"start":{"line":14,"column":17},"end":{"line":21,"column":6}},"6":{"start":{"line":23,"column":4},"end":{"line":26,"column":7}},"7":{"start":{"line":24,"column":6},"end":{"line":24,"column":48}},"8":{"start":{"line":24,"column":15},"end":{"line":24,"column":48}},"9":{"start":{"line":25,"column":6},"end":{"line":25,"column":70}},"10":{"start":{"line":30,"column":19},"end":{"line":38,"column":1}},"11":{"start":{"line":31,"column":24},"end":{"line":31,"column":61}},"12":{"start":{"line":32,"column":2},"end":{"line":32,"column":46}},"13":{"start":{"line":33,"column":2},"end":{"line":37,"column":3}},"14":{"start":{"line":34,"column":4},"end":{"line":34,"column":34}},"15":{"start":{"line":36,"column":4},"end":{"line":36,"column":19}},"16":{"start":{"line":41,"column":0},"end":{"line":44,"column":2}}},"fnMap":{"0":{"name":"createUserFactory","decl":{"start":{"line":4,"column":9},"end":{"line":4,"column":26}},"loc":{"start":{"line":4,"column":60},"end":{"line":28,"column":1}},"line":4},"1":{"name":"createUser","decl":{"start":{"line":5,"column":24},"end":{"line":5,"column":34}},"loc":{"start":{"line":5,"column":45},"end":{"line":27,"column":3}},"line":5},"2":{"name":"(anonymous_2)","decl":{"start":{"line":23,"column":20},"end":{"line":23,"column":21}},"loc":{"start":{"line":23,"column":29},"end":{"line":26,"column":5}},"line":23},"3":{"name":"(anonymous_3)","decl":{"start":{"line":30,"column":19},"end":{"line":30,"column":20}},"loc":{"start":{"line":30,"column":39},"end":{"line":38,"column":1}},"line":30}},"branchMap":{"0":{"loc":{"start":{"line":24,"column":6},"end":{"line":24,"column":48}},"type":"if","locations":[{"start":{"line":24,"column":6},"end":{"line":24,"column":48}},{"start":{"line":24,"column":6},"end":{"line":24,"column":48}}],"line":24}},"s":{"0":1,"1":1,"2":2,"3":2,"4":2,"5":2,"6":2,"7":2,"8":0,"9":2,"10":1,"11":1,"12":1,"13":1,"14":1,"15":0,"16":1},"f":{"0":2,"1":2,"2":2,"3":1},"b":{"0":[0,2]},"_coverageSchema":"43e27e138ebf9cfc5966b082cf9a028302ed4184","hash":"5f28c79dd934551adf65c08c2bba7e9a1d2a00c6"}
,"/home/obbap/Documents/blockchain/app/helpers/hashing.js": {"path":"/home/obbap/Documents/blockchain/app/helpers/hashing.js","statementMap":{"0":{"start":{"line":1,"column":15},"end":{"line":1,"column":32}},"1":{"start":{"line":4,"column":21},"end":{"line":14,"column":1}},"2":{"start":{"line":5,"column":2},"end":{"line":13,"column":3}},"3":{"start":{"line":6,"column":4},"end":{"line":6,"column":26}},"4":{"start":{"line":7,"column":22},"end":{"line":9,"column":20}},"5":{"start":{"line":10,"column":4},"end":{"line":10,"column":21}},"6":{"start":{"line":12,"column":4},"end":{"line":12,"column":51}},"7":{"start":{"line":17,"column":22},"end":{"line":21,"column":1}},"8":{"start":{"line":19,"column":2},"end":{"line":19,"column":23}},"9":{"start":{"line":20,"column":2},"end":{"line":20,"column":14}},"10":{"start":{"line":23,"column":0},"end":{"line":26,"column":2}}},"fnMap":{"0":{"name":"(anonymous_0)","decl":{"start":{"line":4,"column":21},"end":{"line":4,"column":22}},"loc":{"start":{"line":4,"column":41},"end":{"line":14,"column":1}},"line":4},"1":{"name":"(anonymous_1)","decl":{"start":{"line":17,"column":22},"end":{"line":17,"column":23}},"loc":{"start":{"line":17,"column":32},"end":{"line":21,"column":1}},"line":17}},"branchMap":{},"s":{"0":1,"1":1,"2":1,"3":1,"4":1,"5":1,"6":0,"7":1,"8":0,"9":0,"10":1},"f":{"0":1,"1":0},"b":{},"_coverageSchema":"43e27e138ebf9cfc5966b082cf9a028302ed4184","hash":"0a235038ae9c70075d432d093647782ef596836b"}
,"/home/obbap/Documents/blockchain/app/middleware/authenticate.js": {"path":"/home/obbap/Documents/blockchain/app/middleware/authenticate.js","statementMap":{"0":{"start":{"line":1,"column":12},"end":{"line":1,"column":35}},"1":{"start":{"line":2,"column":13},"end":{"line":2,"column":28}},"2":{"start":{"line":3,"column":11},"end":{"line":3,"column":24}},"3":{"start":{"line":4,"column":14},"end":{"line":4,"column":57}},"4":{"start":{"line":5,"column":13},"end":{"line":5,"column":38}},"5":{"start":{"line":7,"column":24},"end":{"line":7,"column":36}},"6":{"start":{"line":10,"column":16},"end":{"line":13,"column":1}},"7":{"start":{"line":16,"column":18},"end":{"line":16,"column":112}},"8":{"start":{"line":19,"column":18},"end":{"line":19,"column":109}},"9":{"start":{"line":19,"column":26},"end":{"line":19,"column":109}},"10":{"start":{"line":22,"column":26},"end":{"line":30,"column":2}},"11":{"start":{"line":22,"column":34},"end":{"line":30,"column":2}},"12":{"start":{"line":23,"column":2},"end":{"line":23,"column":42}},"13":{"start":{"line":24,"column":2},"end":{"line":24,"column":18}},"14":{"start":{"line":25,"column":2},"end":{"line":28,"column":5}},"15":{"start":{"line":29,"column":2},"end":{"line":29,"column":16}},"16":{"start":{"line":33,"column":22},"end":{"line":47,"column":2}},"17":{"start":{"line":33,"column":28},"end":{"line":47,"column":2}},"18":{"start":{"line":34,"column":2},"end":{"line":46,"column":5}},"19":{"start":{"line":35,"column":4},"end":{"line":35,"column":23}},"20":{"start":{"line":35,"column":13},"end":{"line":35,"column":23}},"21":{"start":{"line":36,"column":4},"end":{"line":43,"column":5}},"22":{"start":{"line":37,"column":6},"end":{"line":42,"column":9}},"23":{"start":{"line":38,"column":8},"end":{"line":38,"column":44}},"24":{"start":{"line":38,"column":23},"end":{"line":38,"column":44}},"25":{"start":{"line":39,"column":8},"end":{"line":39,"column":56}},"26":{"start":{"line":40,"column":8},"end":{"line":40,"column":28}},"27":{"start":{"line":41,"column":8},"end":{"line":41,"column":33}},"28":{"start":{"line":44,"column":4},"end":{"line":44,"column":28}},"29":{"start":{"line":45,"column":4},"end":{"line":45,"column":25}},"30":{"start":{"line":50,"column":18},"end":{"line":73,"column":1}},"31":{"start":{"line":50,"column":24},"end":{"line":73,"column":1}},"32":{"start":{"line":51,"column":2},"end":{"line":51,"column":80}},"33":{"start":{"line":51,"column":36},"end":{"line":51,"column":80}},"34":{"start":{"line":52,"column":2},"end":{"line":72,"column":4}},"35":{"start":{"line":60,"column":6},"end":{"line":60,"column":48}},"36":{"start":{"line":60,"column":15},"end":{"line":60,"column":48}},"37":{"start":{"line":61,"column":6},"end":{"line":64,"column":9}},"38":{"start":{"line":65,"column":6},"end":{"line":70,"column":9}},"39":{"start":{"line":66,"column":8},"end":{"line":66,"column":63}},"40":{"start":{"line":66,"column":19},"end":{"line":66,"column":63}},"41":{"start":{"line":67,"column":8},"end":{"line":67,"column":48}},"42":{"start":{"line":68,"column":8},"end":{"line":68,"column":37}},"43":{"start":{"line":69,"column":8},"end":{"line":69,"column":15}},"44":{"start":{"line":76,"column":16},"end":{"line":79,"column":1}},"45":{"start":{"line":76,"column":22},"end":{"line":79,"column":1}},"46":{"start":{"line":77,"column":2},"end":{"line":77,"column":90}},"47":{"start":{"line":77,"column":46},"end":{"line":77,"column":90}},"48":{"start":{"line":78,"column":2},"end":{"line":78,"column":9}},"49":{"start":{"line":82,"column":20},"end":{"line":85,"column":1}},"50":{"start":{"line":82,"column":26},"end":{"line":85,"column":1}},"51":{"start":{"line":83,"column":2},"end":{"line":83,"column":94}},"52":{"start":{"line":83,"column":50},"end":{"line":83,"column":94}},"53":{"start":{"line":84,"column":2},"end":{"line":84,"column":9}},"54":{"start":{"line":88,"column":16},"end":{"line":91,"column":1}},"55":{"start":{"line":88,"column":22},"end":{"line":91,"column":1}},"56":{"start":{"line":89,"column":2},"end":{"line":89,"column":90}},"57":{"start":{"line":89,"column":46},"end":{"line":89,"column":90}},"58":{"start":{"line":90,"column":2},"end":{"line":90,"column":9}},"59":{"start":{"line":93,"column":0},"end":{"line":100,"column":2}}},"fnMap":{"0":{"name":"(anonymous_0)","decl":{"start":{"line":19,"column":18},"end":{"line":19,"column":19}},"loc":{"start":{"line":19,"column":26},"end":{"line":19,"column":109}},"line":19},"1":{"name":"(anonymous_1)","decl":{"start":{"line":22,"column":26},"end":{"line":22,"column":27}},"loc":{"start":{"line":22,"column":34},"end":{"line":30,"column":2}},"line":22},"2":{"name":"(anonymous_2)","decl":{"start":{"line":22,"column":46},"end":{"line":22,"column":47}},"loc":{"start":{"line":22,"column":59},"end":{"line":30,"column":1}},"line":22},"3":{"name":"(anonymous_3)","decl":{"start":{"line":33,"column":22},"end":{"line":33,"column":23}},"loc":{"start":{"line":33,"column":28},"end":{"line":47,"column":2}},"line":33},"4":{"name":"(anonymous_4)","decl":{"start":{"line":33,"column":40},"end":{"line":33,"column":41}},"loc":{"start":{"line":33,"column":53},"end":{"line":47,"column":1}},"line":33},"5":{"name":"(anonymous_5)","decl":{"start":{"line":34,"column":36},"end":{"line":34,"column":37}},"loc":{"start":{"line":34,"column":51},"end":{"line":46,"column":3}},"line":34},"6":{"name":"(anonymous_6)","decl":{"start":{"line":37,"column":28},"end":{"line":37,"column":29}},"loc":{"start":{"line":37,"column":42},"end":{"line":42,"column":7}},"line":37},"7":{"name":"(anonymous_7)","decl":{"start":{"line":50,"column":18},"end":{"line":50,"column":19}},"loc":{"start":{"line":50,"column":24},"end":{"line":73,"column":1}},"line":50},"8":{"name":"(anonymous_8)","decl":{"start":{"line":50,"column":24},"end":{"line":50,"column":25}},"loc":{"start":{"line":50,"column":44},"end":{"line":73,"column":1}},"line":50},"9":{"name":"(anonymous_9)","decl":{"start":{"line":59,"column":4},"end":{"line":59,"column":5}},"loc":{"start":{"line":59,"column":22},"end":{"line":71,"column":5}},"line":59},"10":{"name":"(anonymous_10)","decl":{"start":{"line":65,"column":37},"end":{"line":65,"column":38}},"loc":{"start":{"line":65,"column":47},"end":{"line":70,"column":7}},"line":65},"11":{"name":"(anonymous_11)","decl":{"start":{"line":76,"column":16},"end":{"line":76,"column":17}},"loc":{"start":{"line":76,"column":22},"end":{"line":79,"column":1}},"line":76},"12":{"name":"(anonymous_12)","decl":{"start":{"line":76,"column":22},"end":{"line":76,"column":23}},"loc":{"start":{"line":76,"column":42},"end":{"line":79,"column":1}},"line":76},"13":{"name":"(anonymous_13)","decl":{"start":{"line":82,"column":20},"end":{"line":82,"column":21}},"loc":{"start":{"line":82,"column":26},"end":{"line":85,"column":1}},"line":82},"14":{"name":"(anonymous_14)","decl":{"start":{"line":82,"column":26},"end":{"line":82,"column":27}},"loc":{"start":{"line":82,"column":46},"end":{"line":85,"column":1}},"line":82},"15":{"name":"(anonymous_15)","decl":{"start":{"line":88,"column":16},"end":{"line":88,"column":17}},"loc":{"start":{"line":88,"column":22},"end":{"line":91,"column":1}},"line":88},"16":{"name":"(anonymous_16)","decl":{"start":{"line":88,"column":22},"end":{"line":88,"column":23}},"loc":{"start":{"line":88,"column":42},"end":{"line":91,"column":1}},"line":88}},"branchMap":{"0":{"loc":{"start":{"line":35,"column":4},"end":{"line":35,"column":23}},"type":"if","locations":[{"start":{"line":35,"column":4},"end":{"line":35,"column":23}},{"start":{"line":35,"column":4},"end":{"line":35,"column":23}}],"line":35},"1":{"loc":{"start":{"line":36,"column":4},"end":{"line":43,"column":5}},"type":"if","locations":[{"start":{"line":36,"column":4},"end":{"line":43,"column":5}},{"start":{"line":36,"column":4},"end":{"line":43,"column":5}}],"line":36},"2":{"loc":{"start":{"line":38,"column":8},"end":{"line":38,"column":44}},"type":"if","locations":[{"start":{"line":38,"column":8},"end":{"line":38,"column":44}},{"start":{"line":38,"column":8},"end":{"line":38,"column":44}}],"line":38},"3":{"loc":{"start":{"line":51,"column":2},"end":{"line":51,"column":80}},"type":"if","locations":[{"start":{"line":51,"column":2},"end":{"line":51,"column":80}},{"start":{"line":51,"column":2},"end":{"line":51,"column":80}}],"line":51},"4":{"loc":{"start":{"line":60,"column":6},"end":{"line":60,"column":48}},"type":"if","locations":[{"start":{"line":60,"column":6},"end":{"line":60,"column":48}},{"start":{"line":60,"column":6},"end":{"line":60,"column":48}}],"line":60},"5":{"loc":{"start":{"line":66,"column":8},"end":{"line":66,"column":63}},"type":"if","locations":[{"start":{"line":66,"column":8},"end":{"line":66,"column":63}},{"start":{"line":66,"column":8},"end":{"line":66,"column":63}}],"line":66},"6":{"loc":{"start":{"line":77,"column":2},"end":{"line":77,"column":90}},"type":"if","locations":[{"start":{"line":77,"column":2},"end":{"line":77,"column":90}},{"start":{"line":77,"column":2},"end":{"line":77,"column":90}}],"line":77},"7":{"loc":{"start":{"line":83,"column":2},"end":{"line":83,"column":94}},"type":"if","locations":[{"start":{"line":83,"column":2},"end":{"line":83,"column":94}},{"start":{"line":83,"column":2},"end":{"line":83,"column":94}}],"line":83},"8":{"loc":{"start":{"line":89,"column":2},"end":{"line":89,"column":90}},"type":"if","locations":[{"start":{"line":89,"column":2},"end":{"line":89,"column":90}},{"start":{"line":89,"column":2},"end":{"line":89,"column":90}}],"line":89}},"s":{"0":1,"1":1,"2":1,"3":1,"4":1,"5":1,"6":1,"7":1,"8":1,"9":0,"10":1,"11":0,"12":0,"13":0,"14":0,"15":0,"16":1,"17":0,"18":0,"19":0,"20":0,"21":0,"22":0,"23":0,"24":0,"25":0,"26":0,"27":0,"28":0,"29":0,"30":1,"31":0,"32":0,"33":0,"34":0,"35":0,"36":0,"37":0,"38":0,"39":0,"40":0,"41":0,"42":0,"43":0,"44":1,"45":0,"46":0,"47":0,"48":0,"49":1,"50":0,"51":0,"52":0,"53":0,"54":1,"55":0,"56":0,"57":0,"58":0,"59":1},"f":{"0":0,"1":0,"2":0,"3":0,"4":0,"5":0,"6":0,"7":0,"8":0,"9":0,"10":0,"11":0,"12":0,"13":0,"14":0,"15":0,"16":0},"b":{"0":[0,0],"1":[0,0],"2":[0,0],"3":[0,0],"4":[0,0],"5":[0,0],"6":[0,0],"7":[0,0],"8":[0,0]},"_coverageSchema":"43e27e138ebf9cfc5966b082cf9a028302ed4184","hash":"5eb3b4b08b9ad661c0d40d6e102b9cf72a094a2e"}
,"/home/obbap/Documents/blockchain/app/models/user.js": {"path":"/home/obbap/Documents/blockchain/app/models/user.js","statementMap":{"0":{"start":{"line":1,"column":17},"end":{"line":1,"column":36}},"1":{"start":{"line":3,"column":19},"end":{"line":3,"column":27}},"2":{"start":{"line":5,"column":19},"end":{"line":28,"column":2}},"3":{"start":{"line":30,"column":13},"end":{"line":30,"column":47}},"4":{"start":{"line":32,"column":0},"end":{"line":32,"column":22}}},"fnMap":{},"branchMap":{},"s":{"0":1,"1":1,"2":1,"3":1,"4":1},"f":{},"b":{},"_coverageSchema":"43e27e138ebf9cfc5966b082cf9a028302ed4184","hash":"0d74ccbf8c34e1c8aa569fd9993cac1e8966ca6c"}
,"/home/obbap/Documents/blockchain/config/database.js": {"path":"/home/obbap/Documents/blockchain/config/database.js","statementMap":{"0":{"start":{"line":1,"column":17},"end":{"line":1,"column":36}},"1":{"start":{"line":3,"column":0},"end":{"line":3,"column":70}}},"fnMap":{},"branchMap":{},"s":{"0":1,"1":1},"f":{},"b":{},"_coverageSchema":"43e27e138ebf9cfc5966b082cf9a028302ed4184","hash":"d464bb3cbaccd613b2543219bb43e0cea7039b5e"}
,"/home/obbap/Documents/blockchain/config/redis.js": {"path":"/home/obbap/Documents/blockchain/config/redis.js","statementMap":{"0":{"start":{"line":1,"column":14},"end":{"line":1,"column":30}},"1":{"start":{"line":2,"column":12},"end":{"line":2,"column":26}},"2":{"start":{"line":4,"column":17},"end":{"line":4,"column":54}},"3":{"start":{"line":6,"column":14},"end":{"line":25,"column":4}},"4":{"start":{"line":10,"column":19},"end":{"line":10,"column":97}},"5":{"start":{"line":11,"column":4},"end":{"line":11,"column":64}},"6":{"start":{"line":11,"column":23},"end":{"line":11,"column":64}},"7":{"start":{"line":12,"column":4},"end":{"line":12,"column":18}},"8":{"start":{"line":15,"column":2},"end":{"line":24,"column":4}},"9":{"start":{"line":17,"column":6},"end":{"line":19,"column":7}},"10":{"start":{"line":18,"column":8},"end":{"line":18,"column":36}},"11":{"start":{"line":20,"column":6},"end":{"line":20,"column":22}},"12":{"start":{"line":22,"column":31},"end":{"line":22,"column":54}},"13":{"start":{"line":27,"column":0},"end":{"line":27,"column":23}}},"fnMap":{"0":{"name":"(anonymous_0)","decl":{"start":{"line":6,"column":15},"end":{"line":6,"column":16}},"loc":{"start":{"line":6,"column":21},"end":{"line":25,"column":1}},"line":6},"1":{"name":"createInstance","decl":{"start":{"line":9,"column":11},"end":{"line":9,"column":25}},"loc":{"start":{"line":9,"column":28},"end":{"line":13,"column":3}},"line":9},"2":{"name":"(anonymous_2)","decl":{"start":{"line":16,"column":17},"end":{"line":16,"column":18}},"loc":{"start":{"line":16,"column":23},"end":{"line":21,"column":5}},"line":16},"3":{"name":"(anonymous_3)","decl":{"start":{"line":22,"column":19},"end":{"line":22,"column":20}},"loc":{"start":{"line":22,"column":31},"end":{"line":22,"column":54}},"line":22}},"branchMap":{"0":{"loc":{"start":{"line":11,"column":4},"end":{"line":11,"column":64}},"type":"if","locations":[{"start":{"line":11,"column":4},"end":{"line":11,"column":64}},{"start":{"line":11,"column":4},"end":{"line":11,"column":64}}],"line":11},"1":{"loc":{"start":{"line":17,"column":6},"end":{"line":19,"column":7}},"type":"if","locations":[{"start":{"line":17,"column":6},"end":{"line":19,"column":7}},{"start":{"line":17,"column":6},"end":{"line":19,"column":7}}],"line":17}},"s":{"0":1,"1":1,"2":1,"3":1,"4":1,"5":1,"6":0,"7":1,"8":1,"9":1,"10":1,"11":1,"12":0,"13":1},"f":{"0":1,"1":1,"2":1,"3":0},"b":{"0":[0,1],"1":[1,0]},"_coverageSchema":"43e27e138ebf9cfc5966b082cf9a028302ed4184","hash":"161fca2aa5a752c915a2acfd9566f1ee96624349"}
,"/home/obbap/Documents/blockchain/routes/index.js": {"path":"/home/obbap/Documents/blockchain/routes/index.js","statementMap":{"0":{"start":{"line":1,"column":16},"end":{"line":1,"column":34}},"1":{"start":{"line":3,"column":15},"end":{"line":3,"column":31}},"2":{"start":{"line":4,"column":36},"end":{"line":4,"column":64}},"3":{"start":{"line":5,"column":25},"end":{"line":5,"column":83}},"4":{"start":{"line":6,"column":24},"end":{"line":6,"column":71}},"5":{"start":{"line":9,"column":0},"end":{"line":11,"column":3}},"6":{"start":{"line":10,"column":2},"end":{"line":10,"column":44}},"7":{"start":{"line":29,"column":0},"end":{"line":50,"column":2}},"8":{"start":{"line":41,"column":19},"end":{"line":41,"column":40}},"9":{"start":{"line":43,"column":4},"end":{"line":45,"column":5}},"10":{"start":{"line":44,"column":6},"end":{"line":44,"column":62}},"11":{"start":{"line":47,"column":4},"end":{"line":47,"column":11}},"12":{"start":{"line":69,"column":0},"end":{"line":84,"column":2}},"13":{"start":{"line":75,"column":19},"end":{"line":75,"column":40}},"14":{"start":{"line":77,"column":4},"end":{"line":79,"column":5}},"15":{"start":{"line":78,"column":6},"end":{"line":78,"column":62}},"16":{"start":{"line":81,"column":4},"end":{"line":81,"column":11}},"17":{"start":{"line":86,"column":0},"end":{"line":86,"column":24}}},"fnMap":{"0":{"name":"(anonymous_0)","decl":{"start":{"line":9,"column":16},"end":{"line":9,"column":17}},"loc":{"start":{"line":9,"column":30},"end":{"line":11,"column":1}},"line":9},"1":{"name":"(anonymous_1)","decl":{"start":{"line":40,"column":5},"end":{"line":40,"column":6}},"loc":{"start":{"line":40,"column":25},"end":{"line":48,"column":3}},"line":40},"2":{"name":"(anonymous_2)","decl":{"start":{"line":74,"column":5},"end":{"line":74,"column":6}},"loc":{"start":{"line":74,"column":25},"end":{"line":82,"column":3}},"line":74}},"branchMap":{"0":{"loc":{"start":{"line":43,"column":4},"end":{"line":45,"column":5}},"type":"if","locations":[{"start":{"line":43,"column":4},"end":{"line":45,"column":5}},{"start":{"line":43,"column":4},"end":{"line":45,"column":5}}],"line":43},"1":{"loc":{"start":{"line":77,"column":4},"end":{"line":79,"column":5}},"type":"if","locations":[{"start":{"line":77,"column":4},"end":{"line":79,"column":5}},{"start":{"line":77,"column":4},"end":{"line":79,"column":5}}],"line":77}},"s":{"0":1,"1":1,"2":1,"3":1,"4":1,"5":1,"6":0,"7":1,"8":2,"9":2,"10":1,"11":1,"12":1,"13":0,"14":0,"15":0,"16":0,"17":1},"f":{"0":0,"1":2,"2":0},"b":{"0":[1,1],"1":[0,0]},"_coverageSchema":"43e27e138ebf9cfc5966b082cf9a028302ed4184","hash":"928f3f3b164acab6caa85722bf94ab9ce093f869"}
,"/home/obbap/Documents/blockchain/routes/users.js": {"path":"/home/obbap/Documents/blockchain/routes/users.js","statementMap":{"0":{"start":{"line":1,"column":14},"end":{"line":1,"column":32}},"1":{"start":{"line":2,"column":13},"end":{"line":2,"column":29}},"2":{"start":{"line":5,"column":0},"end":{"line":7,"column":3}},"3":{"start":{"line":6,"column":2},"end":{"line":6,"column":38}},"4":{"start":{"line":9,"column":0},"end":{"line":9,"column":24}}},"fnMap":{"0":{"name":"(anonymous_0)","decl":{"start":{"line":5,"column":16},"end":{"line":5,"column":17}},"loc":{"start":{"line":5,"column":35},"end":{"line":7,"column":1}},"line":5}},"branchMap":{},"s":{"0":1,"1":1,"2":1,"3":0,"4":1},"f":{"0":0},"b":{},"_coverageSchema":"43e27e138ebf9cfc5966b082cf9a028302ed4184","hash":"2399d1596448212eaaace5d86a1da19ffb9a6dd6"}
,"/home/obbap/Documents/blockchain/tests/mocks/hash.password.mock.js": {"path":"/home/obbap/Documents/blockchain/tests/mocks/hash.password.mock.js","statementMap":{"0":{"start":{"line":2,"column":2},"end":{"line":2,"column":34}},"1":{"start":{"line":5,"column":0},"end":{"line":5,"column":30}}},"fnMap":{"0":{"name":"hashPassword","decl":{"start":{"line":1,"column":9},"end":{"line":1,"column":21}},"loc":{"start":{"line":1,"column":32},"end":{"line":3,"column":1}},"line":1}},"branchMap":{},"s":{"0":1,"1":1},"f":{"0":1},"b":{},"_coverageSchema":"43e27e138ebf9cfc5966b082cf9a028302ed4184","hash":"7e1190d677f30ee97d699dc8663d19bada495323"}
,"/home/obbap/Documents/blockchain/tests/mocks/req.mock.js": {"path":"/home/obbap/Documents/blockchain/tests/mocks/req.mock.js","statementMap":{"0":{"start":{"line":1,"column":12},"end":{"line":36,"column":1}},"1":{"start":{"line":5,"column":4},"end":{"line":7,"column":5}},"2":{"start":{"line":6,"column":6},"end":{"line":6,"column":44}},"3":{"start":{"line":9,"column":4},"end":{"line":30,"column":6}},"4":{"start":{"line":12,"column":8},"end":{"line":14,"column":9}},"5":{"start":{"line":13,"column":10},"end":{"line":13,"column":79}},"6":{"start":{"line":16,"column":8},"end":{"line":28,"column":10}},"7":{"start":{"line":18,"column":23},"end":{"line":27,"column":11}},"8":{"start":{"line":21,"column":14},"end":{"line":23,"column":15}},"9":{"start":{"line":22,"column":16},"end":{"line":22,"column":63}},"10":{"start":{"line":25,"column":14},"end":{"line":25,"column":26}},"11":{"start":{"line":33,"column":4},"end":{"line":33,"column":59}},"12":{"start":{"line":33,"column":47},"end":{"line":33,"column":59}},"13":{"start":{"line":34,"column":4},"end":{"line":34,"column":23}},"14":{"start":{"line":38,"column":0},"end":{"line":38,"column":21}}},"fnMap":{"0":{"name":"(anonymous_0)","decl":{"start":{"line":4,"column":2},"end":{"line":4,"column":3}},"loc":{"start":{"line":4,"column":37},"end":{"line":31,"column":3}},"line":4},"1":{"name":"(anonymous_1)","decl":{"start":{"line":11,"column":16},"end":{"line":11,"column":17}},"loc":{"start":{"line":11,"column":29},"end":{"line":29,"column":7}},"line":11},"2":{"name":"(anonymous_2)","decl":{"start":{"line":18,"column":16},"end":{"line":18,"column":17}},"loc":{"start":{"line":18,"column":23},"end":{"line":27,"column":11}},"line":18},"3":{"name":"(anonymous_3)","decl":{"start":{"line":20,"column":22},"end":{"line":20,"column":23}},"loc":{"start":{"line":20,"column":28},"end":{"line":26,"column":13}},"line":20},"4":{"name":"(anonymous_4)","decl":{"start":{"line":32,"column":2},"end":{"line":32,"column":3}},"loc":{"start":{"line":32,"column":21},"end":{"line":35,"column":3}},"line":32}},"branchMap":{"0":{"loc":{"start":{"line":5,"column":4},"end":{"line":7,"column":5}},"type":"if","locations":[{"start":{"line":5,"column":4},"end":{"line":7,"column":5}},{"start":{"line":5,"column":4},"end":{"line":7,"column":5}}],"line":5},"1":{"loc":{"start":{"line":12,"column":8},"end":{"line":14,"column":9}},"type":"if","locations":[{"start":{"line":12,"column":8},"end":{"line":14,"column":9}},{"start":{"line":12,"column":8},"end":{"line":14,"column":9}}],"line":12},"2":{"loc":{"start":{"line":21,"column":14},"end":{"line":23,"column":15}},"type":"if","locations":[{"start":{"line":21,"column":14},"end":{"line":23,"column":15}},{"start":{"line":21,"column":14},"end":{"line":23,"column":15}}],"line":21},"3":{"loc":{"start":{"line":33,"column":4},"end":{"line":33,"column":59}},"type":"if","locations":[{"start":{"line":33,"column":4},"end":{"line":33,"column":59}},{"start":{"line":33,"column":4},"end":{"line":33,"column":59}}],"line":33}},"s":{"0":1,"1":0,"2":0,"3":0,"4":0,"5":0,"6":0,"7":0,"8":0,"9":0,"10":0,"11":0,"12":0,"13":0,"14":1},"f":{"0":0,"1":0,"2":0,"3":0,"4":0},"b":{"0":[0,0],"1":[0,0],"2":[0,0],"3":[0,0]},"_coverageSchema":"43e27e138ebf9cfc5966b082cf9a028302ed4184","hash":"60bbe338ff18e0f9411779b810047f36d1227b11"}
,"/home/obbap/Documents/blockchain/tests/mocks/res.mock.js": {"path":"/home/obbap/Documents/blockchain/tests/mocks/res.mock.js","statementMap":{"0":{"start":{"line":1,"column":12},"end":{"line":12,"column":1}},"1":{"start":{"line":5,"column":4},"end":{"line":5,"column":21}},"2":{"start":{"line":6,"column":4},"end":{"line":6,"column":16}},"3":{"start":{"line":9,"column":4},"end":{"line":9,"column":21}},"4":{"start":{"line":10,"column":4},"end":{"line":10,"column":16}},"5":{"start":{"line":14,"column":0},"end":{"line":14,"column":21}}},"fnMap":{"0":{"name":"(anonymous_0)","decl":{"start":{"line":4,"column":2},"end":{"line":4,"column":3}},"loc":{"start":{"line":4,"column":15},"end":{"line":7,"column":3}},"line":4},"1":{"name":"(anonymous_1)","decl":{"start":{"line":8,"column":2},"end":{"line":8,"column":3}},"loc":{"start":{"line":8,"column":13},"end":{"line":11,"column":3}},"line":8}},"branchMap":{},"s":{"0":1,"1":1,"2":1,"3":1,"4":1,"5":1},"f":{"0":1,"1":1},"b":{},"_coverageSchema":"43e27e138ebf9cfc5966b082cf9a028302ed4184","hash":"e6c1e5aea348cb3fffa0b8c15d9a89d49fa4344c"}
,"/home/obbap/Documents/blockchain/tests/mocks/user.mock.js": {"path":"/home/obbap/Documents/blockchain/tests/mocks/user.mock.js","statementMap":{"0":{"start":{"line":2,"column":2},"end":{"line":2,"column":34}},"1":{"start":{"line":3,"column":2},"end":{"line":3,"column":33}},"2":{"start":{"line":4,"column":2},"end":{"line":4,"column":26}},"3":{"start":{"line":5,"column":2},"end":{"line":5,"column":32}},"4":{"start":{"line":6,"column":2},"end":{"line":6,"column":32}},"5":{"start":{"line":8,"column":2},"end":{"line":13,"column":5}},"6":{"start":{"line":8,"column":26},"end":{"line":13,"column":4}},"7":{"start":{"line":9,"column":4},"end":{"line":9,"column":37}},"8":{"start":{"line":10,"column":4},"end":{"line":10,"column":26}},"9":{"start":{"line":11,"column":4},"end":{"line":11,"column":15}},"10":{"start":{"line":12,"column":4},"end":{"line":12,"column":22}},"11":{"start":{"line":16,"column":0},"end":{"line":16,"column":16}},"12":{"start":{"line":22,"column":0},"end":{"line":22,"column":22}}},"fnMap":{"0":{"name":"User","decl":{"start":{"line":1,"column":9},"end":{"line":1,"column":13}},"loc":{"start":{"line":1,"column":25},"end":{"line":14,"column":1}},"line":1},"1":{"name":"(anonymous_1)","decl":{"start":{"line":8,"column":14},"end":{"line":8,"column":15}},"loc":{"start":{"line":8,"column":26},"end":{"line":13,"column":4}},"line":8},"2":{"name":"(anonymous_2)","decl":{"start":{"line":8,"column":38},"end":{"line":8,"column":39}},"loc":{"start":{"line":8,"column":59},"end":{"line":13,"column":3}},"line":8}},"branchMap":{"0":{"loc":{"start":{"line":1,"column":14},"end":{"line":1,"column":23}},"type":"default-arg","locations":[{"start":{"line":1,"column":21},"end":{"line":1,"column":23}}],"line":1}},"s":{"0":1,"1":1,"2":1,"3":1,"4":1,"5":1,"6":1,"7":1,"8":1,"9":1,"10":1,"11":1,"12":1},"f":{"0":1,"1":1,"2":1},"b":{"0":[0]},"_coverageSchema":"43e27e138ebf9cfc5966b082cf9a028302ed4184","hash":"be64e808c0ce90860cfdf039a93486313462068e"}
}
