TN:
SF:/home/obbap/Documents/blockchain/app.js
FN:30,(anonymous_0)
FN:41,(anonymous_1)
FN:52,(anonymous_2)
FNF:3
FNH:0
FNDA:0,(anonymous_0)
FNDA:0,(anonymous_1)
FNDA:0,(anonymous_2)
DA:1,1
DA:2,1
DA:3,1
DA:4,1
DA:5,1
DA:6,1
DA:7,1
DA:8,1
DA:10,1
DA:11,1
DA:13,1
DA:16,1
DA:17,1
DA:19,1
DA:20,1
DA:21,1
DA:22,1
DA:23,1
DA:24,1
DA:26,1
DA:27,1
DA:30,1
DA:31,0
DA:32,0
DA:33,0
DA:40,1
DA:41,0
DA:42,0
DA:43,0
DA:52,1
DA:53,0
DA:54,0
DA:61,1
LF:33
LH:25
BRDA:40,0,0,0
BRDA:40,0,1,1
BRDA:42,1,0,0
BRDA:42,1,1,0
BRDA:53,2,0,0
BRDA:53,2,1,0
BRF:6
BRH:1
end_of_record
TN:
SF:/home/obbap/Documents/blockchain/app/controllers/signin.controller.js
FN:5,(anonymous_0)
FN:10,(anonymous_1)
FN:14,(anonymous_2)
FNF:3
FNH:0
FNDA:0,(anonymous_0)
FNDA:0,(anonymous_1)
FNDA:0,(anonymous_2)
DA:1,1
DA:2,1
DA:3,1
DA:5,1
DA:6,0
DA:7,0
DA:9,0
DA:11,0
DA:12,0
DA:13,0
DA:14,0
DA:19,1
LF:12
LH:5
BRDA:11,0,0,0
BRDA:11,0,1,0
BRDA:12,1,0,0
BRDA:12,1,1,0
BRF:4
BRH:0
end_of_record
TN:
SF:/home/obbap/Documents/blockchain/app/controllers/signup.controller.js
FN:4,createUserFactory
FN:5,createUser
FN:23,(anonymous_2)
FN:30,(anonymous_3)
FNF:4
FNH:4
FNDA:2,createUserFactory
FNDA:2,createUser
FNDA:2,(anonymous_2)
FNDA:1,(anonymous_3)
DA:1,1
DA:2,1
DA:5,2
DA:11,2
DA:12,2
DA:14,2
DA:23,2
DA:24,2
DA:25,2
DA:30,1
DA:31,1
DA:32,1
DA:33,1
DA:34,1
DA:36,0
DA:41,1
LF:16
LH:15
BRDA:24,0,0,0
BRDA:24,0,1,2
BRF:2
BRH:1
end_of_record
TN:
SF:/home/obbap/Documents/blockchain/app/helpers/hashing.js
FN:4,(anonymous_0)
FN:17,(anonymous_1)
FNF:2
FNH:1
FNDA:1,(anonymous_0)
FNDA:0,(anonymous_1)
DA:1,1
DA:4,1
DA:5,1
DA:6,1
DA:7,1
DA:10,1
DA:12,0
DA:17,1
DA:19,0
DA:20,0
DA:23,1
LF:11
LH:8
BRF:0
BRH:0
end_of_record
TN:
SF:/home/obbap/Documents/blockchain/app/middleware/authenticate.js
FN:19,(anonymous_0)
FN:22,(anonymous_1)
FN:22,(anonymous_2)
FN:33,(anonymous_3)
FN:33,(anonymous_4)
FN:34,(anonymous_5)
FN:37,(anonymous_6)
FN:50,(anonymous_7)
FN:50,(anonymous_8)
FN:59,(anonymous_9)
FN:65,(anonymous_10)
FN:76,(anonymous_11)
FN:76,(anonymous_12)
FN:82,(anonymous_13)
FN:82,(anonymous_14)
FN:88,(anonymous_15)
FN:88,(anonymous_16)
FNF:17
FNH:0
FNDA:0,(anonymous_0)
FNDA:0,(anonymous_1)
FNDA:0,(anonymous_2)
FNDA:0,(anonymous_3)
FNDA:0,(anonymous_4)
FNDA:0,(anonymous_5)
FNDA:0,(anonymous_6)
FNDA:0,(anonymous_7)
FNDA:0,(anonymous_8)
FNDA:0,(anonymous_9)
FNDA:0,(anonymous_10)
FNDA:0,(anonymous_11)
FNDA:0,(anonymous_12)
FNDA:0,(anonymous_13)
FNDA:0,(anonymous_14)
FNDA:0,(anonymous_15)
FNDA:0,(anonymous_16)
DA:1,1
DA:2,1
DA:3,1
DA:4,1
DA:5,1
DA:7,1
DA:10,1
DA:16,1
DA:19,1
DA:22,1
DA:23,0
DA:24,0
DA:25,0
DA:29,0
DA:33,1
DA:34,0
DA:35,0
DA:36,0
DA:37,0
DA:38,0
DA:39,0
DA:40,0
DA:41,0
DA:44,0
DA:45,0
DA:50,1
DA:51,0
DA:52,0
DA:60,0
DA:61,0
DA:65,0
DA:66,0
DA:67,0
DA:68,0
DA:69,0
DA:76,1
DA:77,0
DA:78,0
DA:82,1
DA:83,0
DA:84,0
DA:88,1
DA:89,0
DA:90,0
DA:93,1
LF:45
LH:16
BRDA:35,0,0,0
BRDA:35,0,1,0
BRDA:36,1,0,0
BRDA:36,1,1,0
BRDA:38,2,0,0
BRDA:38,2,1,0
BRDA:51,3,0,0
BRDA:51,3,1,0
BRDA:60,4,0,0
BRDA:60,4,1,0
BRDA:66,5,0,0
BRDA:66,5,1,0
BRDA:77,6,0,0
BRDA:77,6,1,0
BRDA:83,7,0,0
BRDA:83,7,1,0
BRDA:89,8,0,0
BRDA:89,8,1,0
BRF:18
BRH:0
end_of_record
TN:
SF:/home/obbap/Documents/blockchain/app/models/user.js
FNF:0
FNH:0
DA:1,1
DA:3,1
DA:5,1
DA:30,1
DA:32,1
LF:5
LH:5
BRF:0
BRH:0
end_of_record
TN:
SF:/home/obbap/Documents/blockchain/config/database.js
FNF:0
FNH:0
DA:1,1
DA:3,1
LF:2
LH:2
BRF:0
BRH:0
end_of_record
TN:
SF:/home/obbap/Documents/blockchain/config/redis.js
FN:6,(anonymous_0)
FN:9,createInstance
FN:16,(anonymous_2)
FN:22,(anonymous_3)
FNF:4
FNH:3
FNDA:1,(anonymous_0)
FNDA:1,createInstance
FNDA:1,(anonymous_2)
FNDA:0,(anonymous_3)
DA:1,1
DA:2,1
DA:4,1
DA:6,1
DA:10,1
DA:11,1
DA:12,1
DA:15,1
DA:17,1
DA:18,1
DA:20,1
DA:22,0
DA:27,1
LF:13
LH:12
BRDA:11,0,0,0
BRDA:11,0,1,1
BRDA:17,1,0,1
BRDA:17,1,1,0
BRF:4
BRH:2
end_of_record
TN:
SF:/home/obbap/Documents/blockchain/routes/index.js
FN:9,(anonymous_0)
FN:40,(anonymous_1)
FN:74,(anonymous_2)
FNF:3
FNH:1
FNDA:0,(anonymous_0)
FNDA:2,(anonymous_1)
FNDA:0,(anonymous_2)
DA:1,1
DA:3,1
DA:4,1
DA:5,1
DA:6,1
DA:9,1
DA:10,0
DA:29,1
DA:41,2
DA:43,2
DA:44,1
DA:47,1
DA:69,1
DA:75,0
DA:77,0
DA:78,0
DA:81,0
DA:86,1
LF:18
LH:13
BRDA:43,0,0,1
BRDA:43,0,1,1
BRDA:77,1,0,0
BRDA:77,1,1,0
BRF:4
BRH:2
end_of_record
TN:
SF:/home/obbap/Documents/blockchain/routes/users.js
FN:5,(anonymous_0)
FNF:1
FNH:0
FNDA:0,(anonymous_0)
DA:1,1
DA:2,1
DA:5,1
DA:6,0
DA:9,1
LF:5
LH:4
BRF:0
BRH:0
end_of_record
TN:
SF:/home/obbap/Documents/blockchain/tests/mocks/hash.password.mock.js
FN:1,hashPassword
FNF:1
FNH:1
FNDA:1,hashPassword
DA:2,1
DA:5,1
LF:2
LH:2
BRF:0
BRH:0
end_of_record
TN:
SF:/home/obbap/Documents/blockchain/tests/mocks/req.mock.js
FN:4,(anonymous_0)
FN:11,(anonymous_1)
FN:18,(anonymous_2)
FN:20,(anonymous_3)
FN:32,(anonymous_4)
FNF:5
FNH:0
FNDA:0,(anonymous_0)
FNDA:0,(anonymous_1)
FNDA:0,(anonymous_2)
FNDA:0,(anonymous_3)
FNDA:0,(anonymous_4)
DA:1,1
DA:5,0
DA:6,0
DA:9,0
DA:12,0
DA:13,0
DA:16,0
DA:18,0
DA:21,0
DA:22,0
DA:25,0
DA:33,0
DA:34,0
DA:38,1
LF:14
LH:2
BRDA:5,0,0,0
BRDA:5,0,1,0
BRDA:12,1,0,0
BRDA:12,1,1,0
BRDA:21,2,0,0
BRDA:21,2,1,0
BRDA:33,3,0,0
BRDA:33,3,1,0
BRF:8
BRH:0
end_of_record
TN:
SF:/home/obbap/Documents/blockchain/tests/mocks/res.mock.js
FN:4,(anonymous_0)
FN:8,(anonymous_1)
FNF:2
FNH:2
FNDA:1,(anonymous_0)
FNDA:1,(anonymous_1)
DA:1,1
DA:5,1
DA:6,1
DA:9,1
DA:10,1
DA:14,1
LF:6
LH:6
BRF:0
BRH:0
end_of_record
TN:
SF:/home/obbap/Documents/blockchain/tests/mocks/user.mock.js
FN:1,User
FN:8,(anonymous_1)
FN:8,(anonymous_2)
FNF:3
FNH:3
FNDA:1,User
FNDA:1,(anonymous_1)
FNDA:1,(anonymous_2)
DA:2,1
DA:3,1
DA:4,1
DA:5,1
DA:6,1
DA:8,1
DA:9,1
DA:10,1
DA:11,1
DA:12,1
DA:16,1
DA:22,1
LF:12
LH:12
BRDA:1,0,0,0
BRF:1
BRH:0
end_of_record
